<html>
<body>
<pre>
<h1>Vision Build Log</h1>
<h2>Project:</h2>
D:\我的文档\桌面\191105_Pro20910\Pro2.uvproj
Project File Date:  10/16/2019

<h2>Output:</h2>
Build target 'Target 1'
assembling STARTUP.A51...
linking...
*** WARNING L1: UNRESOLVED EXTERNAL SYMBOL
    SYMBOL:  ?C_START
    MODULE:  STARTUP.obj (?C_STARTUP)
*** WARNING L2: REFERENCE MADE TO UNRESOLVED EXTERNAL
    SYMBOL:  ?C_START
    MODULE:  STARTUP.obj (?C_STARTUP)
    ADDRESS: 000DH
Program Size: data=9.0 xdata=0 code=15
creating hex file from "Pro2"...
"Pro2" - 0 Error(s), 2 Warning(s).
Build target 'Target 1'
assembling STARTUP.A51...
linking...
*** WARNING L1: UNRESOLVED EXTERNAL SYMBOL
    SYMBOL:  ?C_START
    MODULE:  STARTUP.obj (?C_STARTUP)
*** WARNING L2: REFERENCE MADE TO UNRESOLVED EXTERNAL
    SYMBOL:  ?C_START
    MODULE:  STARTUP.obj (?C_STARTUP)
    ADDRESS: 000DH
Program Size: data=9.0 xdata=0 code=15
creating hex file from "Pro2"...
"Pro2" - 0 Error(s), 2 Warning(s).
Build target 'Target 1'
assembling STARTUP.A51...
compiling Pro2.c...
PRO2.C(8): error C202: 'P2': undefined identifier
PRO2.C(9): error C202: 'P2': undefined identifier
PRO2.C(10): error C202: 'P2': undefined identifier
PRO2.C(35): error C202: 'P0': undefined identifier
PRO2.C(36): error C202: 'P1': undefined identifier
PRO2.C(37): error C202: 'P2': undefined identifier
PRO2.C(57): error C202: 'TMOD': undefined identifier
PRO2.C(58): error C202: 'TH0': undefined identifier
PRO2.C(59): error C202: 'TL0': undefined identifier
PRO2.C(60): error C202: 'ET0': undefined identifier
PRO2.C(61): error C202: 'TR0': undefined identifier
PRO2.C(62): error C202: 'SCON': undefined identifier
PRO2.C(63): error C202: 'TMOD': undefined identifier
PRO2.C(64): error C202: 'PCON': undefined identifier
PRO2.C(65): error C202: 'TH1': undefined identifier
PRO2.C(66): error C202: 'TL1': undefined identifier
PRO2.C(67): error C202: 'TR1': undefined identifier
PRO2.C(68): error C202: 'ES': undefined identifier
PRO2.C(69): error C202: 'IT0': undefined identifier
PRO2.C(70): error C202: 'EX0': undefined identifier
PRO2.C(71): error C202: 'EA': undefined identifier
PRO2.C(105): error C202: 'MOSIO': undefined identifier
PRO2.C(106): error C202: 'MOSIO': undefined identifier
PRO2.C(110): error C202: 'MOSIO': undefined identifier
PRO2.C(112): error C202: 'S_CLK': undefined identifier
Target not created
Build target 'Target 1'
compiling Pro2.c...
PRO2.C(8): error C202: 'P2': undefined identifier
PRO2.C(9): error C202: 'P2': undefined identifier
PRO2.C(10): error C202: 'P2': undefined identifier
PRO2.C(35): error C202: 'P0': undefined identifier
PRO2.C(36): error C202: 'P1': undefined identifier
PRO2.C(37): error C202: 'P2': undefined identifier
PRO2.C(57): error C202: 'TMOD': undefined identifier
PRO2.C(58): error C202: 'TH0': undefined identifier
PRO2.C(59): error C202: 'TL0': undefined identifier
PRO2.C(60): error C202: 'ET0': undefined identifier
PRO2.C(61): error C202: 'TR0': undefined identifier
PRO2.C(62): error C202: 'SCON': undefined identifier
PRO2.C(63): error C202: 'TMOD': undefined identifier
PRO2.C(64): error C202: 'PCON': undefined identifier
PRO2.C(65): error C202: 'TH1': undefined identifier
PRO2.C(66): error C202: 'TL1': undefined identifier
PRO2.C(67): error C202: 'TR1': undefined identifier
PRO2.C(68): error C202: 'ES': undefined identifier
PRO2.C(69): error C202: 'IT0': undefined identifier
PRO2.C(70): error C202: 'EX0': undefined identifier
PRO2.C(71): error C202: 'EA': undefined identifier
PRO2.C(105): error C202: 'MOSIO': undefined identifier
PRO2.C(106): error C202: 'MOSIO': undefined identifier
PRO2.C(110): error C202: 'MOSIO': undefined identifier
PRO2.C(112): error C202: 'S_CLK': undefined identifier
Target not created
Build target 'Target 1'
compiling Pro2.c...
PRO2.C(150): error C100: unprintable character 0xBC skipped
PRO2.C(150): error C100: unprintable character 0xFC skipped
PRO2.C(150): error C100: unprintable character 0xC9 skipped
PRO2.C(150): error C100: unprintable character 0xA8 skipped
PRO2.C(150): error C100: unprintable character 0xC3 skipped
PRO2.C(150): error C100: unprintable character 0xE8 skipped
PRO2.C(150): error C100: unprintable character 0xD7 skipped
PRO2.C(150): error C100: unprintable character 0xD3 skipped
PRO2.C(150): error C100: unprintable character 0xB3 skipped
PRO2.C(150): error C100: unprintable character 0xCC skipped
PRO2.C(150): error C100: unprintable character 0xD0 skipped
PRO2.C(150): error C100: unprintable character 0xF2 skipped
PRO2.C(150): error C141: syntax error near '4'
PRO2.C(150): error C141: syntax error near '3'
PRO2.C(150): error C100: unprintable character 0xB5 skipped
PRO2.C(150): error C100: unprintable character 0xC4 skipped
PRO2.C(150): error C100: unprintable character 0xBE skipped
PRO2.C(150): error C100: unprintable character 0xD8 skipped
PRO2.C(150): error C100: unprintable character 0xD5 skipped
PRO2.C(150): error C100: unprintable character 0xF3 skipped
PRO2.C(150): error C129: missing ';' before '.4'
Target not created
Build target 'Target 1'
assembling STARTUP.A51...
compiling Pro2.c...
PRO2.C(150): error C100: unprintable character 0xBC skipped
PRO2.C(150): error C100: unprintable character 0xFC skipped
PRO2.C(150): error C100: unprintable character 0xC9 skipped
PRO2.C(150): error C100: unprintable character 0xA8 skipped
PRO2.C(150): error C100: unprintable character 0xC3 skipped
PRO2.C(150): error C100: unprintable character 0xE8 skipped
PRO2.C(150): error C100: unprintable character 0xD7 skipped
PRO2.C(150): error C100: unprintable character 0xD3 skipped
PRO2.C(150): error C100: unprintable character 0xB3 skipped
PRO2.C(150): error C100: unprintable character 0xCC skipped
PRO2.C(150): error C100: unprintable character 0xD0 skipped
PRO2.C(150): error C100: unprintable character 0xF2 skipped
PRO2.C(150): error C141: syntax error near '4'
PRO2.C(150): error C141: syntax error near '3'
PRO2.C(150): error C100: unprintable character 0xB5 skipped
PRO2.C(150): error C100: unprintable character 0xC4 skipped
PRO2.C(150): error C100: unprintable character 0xBE skipped
PRO2.C(150): error C100: unprintable character 0xD8 skipped
PRO2.C(150): error C100: unprintable character 0xD5 skipped
PRO2.C(150): error C100: unprintable character 0xF3 skipped
PRO2.C(150): error C129: missing ';' before '.4'
Target not created
Build target 'Target 1'
compiling Pro2.c...
linking...
Program Size: data=52.0 xdata=0 code=1458
creating hex file from "Pro2"...
"Pro2" - 0 Error(s), 0 Warning(s).
Build target 'Target 1'
assembling STARTUP.A51...
compiling Pro2.c...
linking...
Program Size: data=52.0 xdata=0 code=1458
creating hex file from "Pro2"...
"Pro2" - 0 Error(s), 0 Warning(s).
Build target 'Target 1'
assembling STARTUP.A51...
compiling Pro2.c...
linking...
Program Size: data=52.0 xdata=0 code=1458
creating hex file from "Pro2"...
"Pro2" - 0 Error(s), 0 Warning(s).
Build target 'Target 1'
assembling STARTUP.A51...
compiling Pro2.c...
linking...
Program Size: data=52.0 xdata=0 code=1458
creating hex file from "Pro2"...
"Pro2" - 0 Error(s), 0 Warning(s).
